2013-07-02 10:28:13 Error: [MissingControllerException] Controller class HtmlResourcesController could not be found.
Exception Attributes: array (
  'class' => 'HtmlResourcesController',
  'plugin' => NULL,
)
Request URL: /htmlResources/9FBF/frameworks-primaryinit01.js
Stack Trace:
#0 /var/www/vhosts/appstore.jloop.com/httpdocs/app/webroot/index.php(110): Dispatcher->dispatch(Object(CakeRequest), Object(CakeResponse))
#1 {main}
2013-07-02 10:28:14 Error: [MissingControllerException] Controller class HtmlResourcesController could not be found.
Exception Attributes: array (
  'class' => 'HtmlResourcesController',
  'plugin' => NULL,
)
Request URL: /htmlResources/9FBF/web-storefront-base.js
Stack Trace:
#0 /var/www/vhosts/appstore.jloop.com/httpdocs/app/webroot/index.php(110): Dispatcher->dispatch(Object(CakeRequest), Object(CakeResponse))
#1 {main}
2013-07-02 10:28:14 Error: [MissingControllerException] Controller class HtmlResourcesController could not be found.
Exception Attributes: array (
  'class' => 'HtmlResourcesController',
  'plugin' => NULL,
)
Request URL: /htmlResources/9FBF/web-storefront-preview.js
Stack Trace:
#0 /var/www/vhosts/appstore.jloop.com/httpdocs/app/webroot/index.php(110): Dispatcher->dispatch(Object(CakeRequest), Object(CakeResponse))
#1 {main}
2013-07-02 10:28:14 Error: [MissingControllerException] Controller class ImagesController could not be found.
Exception Attributes: array (
  'class' => 'ImagesController',
  'plugin' => NULL,
)
Request URL: /images/web/ihaveitunes.png
Stack Trace:
#0 /var/www/vhosts/appstore.jloop.com/httpdocs/app/webroot/index.php(110): Dispatcher->dispatch(Object(CakeRequest), Object(CakeResponse))
#1 {main}
2013-07-02 10:28:14 Error: [MissingControllerException] Controller class ImagesController could not be found.
Exception Attributes: array (
  'class' => 'ImagesController',
  'plugin' => NULL,
)
Request URL: /images/web/freedownload.png
Stack Trace:
#0 /var/www/vhosts/appstore.jloop.com/httpdocs/app/webroot/index.php(110): Dispatcher->dispatch(Object(CakeRequest), Object(CakeResponse))
#1 {main}
2013-07-02 10:28:14 Error: [MissingControllerException] Controller class HtmlResourcesController could not be found.
Exception Attributes: array (
  'class' => 'HtmlResourcesController',
  'plugin' => NULL,
)
Request URL: /htmlResources/9FBF/web-storefront-preview.js
Stack Trace:
#0 /var/www/vhosts/appstore.jloop.com/httpdocs/app/webroot/index.php(110): Dispatcher->dispatch(Object(CakeRequest), Object(CakeResponse))
#1 {main}
2013-07-02 10:28:14 Error: [MissingControllerException] Controller class ImagesController could not be found.
Exception Attributes: array (
  'class' => 'ImagesController',
  'plugin' => NULL,
)
Request URL: /images/web/ihaveitunes.png
Stack Trace:
#0 /var/www/vhosts/appstore.jloop.com/httpdocs/app/webroot/index.php(110): Dispatcher->dispatch(Object(CakeRequest), Object(CakeResponse))
#1 {main}
2013-07-02 10:28:15 Error: [MissingControllerException] Controller class ImagesController could not be found.
Exception Attributes: array (
  'class' => 'ImagesController',
  'plugin' => NULL,
)
Request URL: /images/web/freedownload.png
Stack Trace:
#0 /var/www/vhosts/appstore.jloop.com/httpdocs/app/webroot/index.php(110): Dispatcher->dispatch(Object(CakeRequest), Object(CakeResponse))
#1 {main}
2013-07-02 10:28:22 Error: [MissingControllerException] Controller class HtmlResourcesController could not be found.
Exception Attributes: array (
  'class' => 'HtmlResourcesController',
  'plugin' => NULL,
)
Request URL: /htmlResources/9FBF/web-storefront-base.js
Stack Trace:
#0 /var/www/vhosts/appstore.jloop.com/httpdocs/app/webroot/index.php(110): Dispatcher->dispatch(Object(CakeRequest), Object(CakeResponse))
#1 {main}
2013-07-02 10:28:22 Error: [MissingControllerException] Controller class HtmlResourcesController could not be found.
Exception Attributes: array (
  'class' => 'HtmlResourcesController',
  'plugin' => NULL,
)
Request URL: /htmlResources/9FBF/web-storefront-preview.js
Stack Trace:
#0 /var/www/vhosts/appstore.jloop.com/httpdocs/app/webroot/index.php(110): Dispatcher->dispatch(Object(CakeRequest), Object(CakeResponse))
#1 {main}
2013-07-02 10:28:23 Error: [MissingControllerException] Controller class HtmlResourcesController could not be found.
Exception Attributes: array (
  'class' => 'HtmlResourcesController',
  'plugin' => NULL,
)
Request URL: /htmlResources/9FBF/frameworks-primaryinit01.js
Stack Trace:
#0 /var/www/vhosts/appstore.jloop.com/httpdocs/app/webroot/index.php(110): Dispatcher->dispatch(Object(CakeRequest), Object(CakeResponse))
#1 {main}
2013-07-02 10:28:23 Error: [MissingControllerException] Controller class HtmlResourcesController could not be found.
Exception Attributes: array (
  'class' => 'HtmlResourcesController',
  'plugin' => NULL,
)
Request URL: /htmlResources/9FBF/web-storefront-base.js
Stack Trace:
#0 /var/www/vhosts/appstore.jloop.com/httpdocs/app/webroot/index.php(110): Dispatcher->dispatch(Object(CakeRequest), Object(CakeResponse))
#1 {main}
2013-07-02 10:28:24 Error: [MissingControllerException] Controller class HtmlResourcesController could not be found.
Exception Attributes: array (
  'class' => 'HtmlResourcesController',
  'plugin' => NULL,
)
Request URL: /htmlResources/9FBF/web-storefront-preview.js
Stack Trace:
#0 /var/www/vhosts/appstore.jloop.com/httpdocs/app/webroot/index.php(110): Dispatcher->dispatch(Object(CakeRequest), Object(CakeResponse))
#1 {main}
2013-07-02 10:28:24 Error: [MissingControllerException] Controller class ImagesController could not be found.
Exception Attributes: array (
  'class' => 'ImagesController',
  'plugin' => NULL,
)
Request URL: /images/web/ihaveitunes.png
Stack Trace:
#0 /var/www/vhosts/appstore.jloop.com/httpdocs/app/webroot/index.php(110): Dispatcher->dispatch(Object(CakeRequest), Object(CakeResponse))
#1 {main}
2013-07-02 10:28:24 Error: [MissingControllerException] Controller class ImagesController could not be found.
Exception Attributes: array (
  'class' => 'ImagesController',
  'plugin' => NULL,
)
Request URL: /images/web/freedownload.png
Stack Trace:
#0 /var/www/vhosts/appstore.jloop.com/httpdocs/app/webroot/index.php(110): Dispatcher->dispatch(Object(CakeRequest), Object(CakeResponse))
#1 {main}
2013-07-02 10:50:28 Error: Fatal Error (4): syntax error, unexpected T_AS in [/var/www/vhosts/appstore.jloop.com/httpdocs/app/Controller/DataController.php, line 37]
2013-07-02 10:50:28 Error: [FatalErrorException] syntax error, unexpected T_AS
Request URL: /Data/test
Stack Trace:
#0 /var/www/vhosts/appstore.jloop.com/httpdocs/lib/Cake/Error/ErrorHandler.php(184): ErrorHandler::handleFatalError(4, 'syntax error, u...', '/var/www/vhosts...', 37)
#1 [internal function]: ErrorHandler::handleError(4, 'syntax error, u...', '/var/www/vhosts...', 37, Array)
#2 /var/www/vhosts/appstore.jloop.com/httpdocs/lib/Cake/Core/App.php(927): call_user_func('ErrorHandler::h...', 4, 'syntax error, u...', '/var/www/vhosts...', 37, Array)
#3 /var/www/vhosts/appstore.jloop.com/httpdocs/lib/Cake/Core/App.php(900): App::_checkFatalError()
#4 [internal function]: App::shutdown()
#5 {main}
2013-07-02 10:50:30 Error: Fatal Error (4): syntax error, unexpected T_AS in [/var/www/vhosts/appstore.jloop.com/httpdocs/app/Controller/DataController.php, line 37]
2013-07-02 10:50:30 Error: [FatalErrorException] syntax error, unexpected T_AS
Request URL: /Data/test
Stack Trace:
#0 /var/www/vhosts/appstore.jloop.com/httpdocs/lib/Cake/Error/ErrorHandler.php(184): ErrorHandler::handleFatalError(4, 'syntax error, u...', '/var/www/vhosts...', 37)
#1 [internal function]: ErrorHandler::handleError(4, 'syntax error, u...', '/var/www/vhosts...', 37, Array)
#2 /var/www/vhosts/appstore.jloop.com/httpdocs/lib/Cake/Core/App.php(927): call_user_func('ErrorHandler::h...', 4, 'syntax error, u...', '/var/www/vhosts...', 37, Array)
#3 /var/www/vhosts/appstore.jloop.com/httpdocs/lib/Cake/Core/App.php(900): App::_checkFatalError()
#4 [internal function]: App::shutdown()
#5 {main}
2013-07-02 10:50:31 Error: Fatal Error (4): syntax error, unexpected T_AS in [/var/www/vhosts/appstore.jloop.com/httpdocs/app/Controller/DataController.php, line 37]
2013-07-02 10:50:31 Error: [FatalErrorException] syntax error, unexpected T_AS
Request URL: /Data/test
Stack Trace:
#0 /var/www/vhosts/appstore.jloop.com/httpdocs/lib/Cake/Error/ErrorHandler.php(184): ErrorHandler::handleFatalError(4, 'syntax error, u...', '/var/www/vhosts...', 37)
#1 [internal function]: ErrorHandler::handleError(4, 'syntax error, u...', '/var/www/vhosts...', 37, Array)
#2 /var/www/vhosts/appstore.jloop.com/httpdocs/lib/Cake/Core/App.php(927): call_user_func('ErrorHandler::h...', 4, 'syntax error, u...', '/var/www/vhosts...', 37, Array)
#3 /var/www/vhosts/appstore.jloop.com/httpdocs/lib/Cake/Core/App.php(900): App::_checkFatalError()
#4 [internal function]: App::shutdown()
#5 {main}
2013-07-02 17:32:29 Error: Fatal Error (64): Can't use method return value in write context in [/var/www/vhosts/appstore.jloop.com/httpdocs/app/Controller/ScrapesController.php, line 49]
2013-07-02 17:32:29 Error: [FatalErrorException] Can't use method return value in write context
Request URL: /Scrapes/test
Stack Trace:
#0 /var/www/vhosts/appstore.jloop.com/httpdocs/lib/Cake/Error/ErrorHandler.php(184): ErrorHandler::handleFatalError(64, 'Can't use metho...', '/var/www/vhosts...', 49)
#1 [internal function]: ErrorHandler::handleError(64, 'Can't use metho...', '/var/www/vhosts...', 49, Array)
#2 /var/www/vhosts/appstore.jloop.com/httpdocs/lib/Cake/Core/App.php(927): call_user_func('ErrorHandler::h...', 64, 'Can't use metho...', '/var/www/vhosts...', 49, Array)
#3 /var/www/vhosts/appstore.jloop.com/httpdocs/lib/Cake/Core/App.php(900): App::_checkFatalError()
#4 [internal function]: App::shutdown()
#5 {main}
2013-07-02 17:32:30 Error: Fatal Error (64): Can't use method return value in write context in [/var/www/vhosts/appstore.jloop.com/httpdocs/app/Controller/ScrapesController.php, line 49]
2013-07-02 17:32:30 Error: [FatalErrorException] Can't use method return value in write context
Request URL: /Scrapes/test
Stack Trace:
#0 /var/www/vhosts/appstore.jloop.com/httpdocs/lib/Cake/Error/ErrorHandler.php(184): ErrorHandler::handleFatalError(64, 'Can't use metho...', '/var/www/vhosts...', 49)
#1 [internal function]: ErrorHandler::handleError(64, 'Can't use metho...', '/var/www/vhosts...', 49, Array)
#2 /var/www/vhosts/appstore.jloop.com/httpdocs/lib/Cake/Core/App.php(927): call_user_func('ErrorHandler::h...', 64, 'Can't use metho...', '/var/www/vhosts...', 49, Array)
#3 /var/www/vhosts/appstore.jloop.com/httpdocs/lib/Cake/Core/App.php(900): App::_checkFatalError()
#4 [internal function]: App::shutdown()
#5 {main}
2013-07-02 17:32:30 Error: Fatal Error (64): Can't use method return value in write context in [/var/www/vhosts/appstore.jloop.com/httpdocs/app/Controller/ScrapesController.php, line 49]
2013-07-02 17:32:30 Error: [FatalErrorException] Can't use method return value in write context
Request URL: /Scrapes/test
Stack Trace:
#0 /var/www/vhosts/appstore.jloop.com/httpdocs/lib/Cake/Error/ErrorHandler.php(184): ErrorHandler::handleFatalError(64, 'Can't use metho...', '/var/www/vhosts...', 49)
#1 [internal function]: ErrorHandler::handleError(64, 'Can't use metho...', '/var/www/vhosts...', 49, Array)
#2 /var/www/vhosts/appstore.jloop.com/httpdocs/lib/Cake/Core/App.php(927): call_user_func('ErrorHandler::h...', 64, 'Can't use metho...', '/var/www/vhosts...', 49, Array)
#3 /var/www/vhosts/appstore.jloop.com/httpdocs/lib/Cake/Core/App.php(900): App::_checkFatalError()
#4 [internal function]: App::shutdown()
#5 {main}
2013-07-02 17:32:44 Error: Fatal Error (64): Can't use method return value in write context in [/var/www/vhosts/appstore.jloop.com/httpdocs/app/Controller/ScrapesController.php, line 49]
2013-07-02 17:32:44 Error: [FatalErrorException] Can't use method return value in write context
Request URL: /Scrapes/test
Stack Trace:
#0 /var/www/vhosts/appstore.jloop.com/httpdocs/lib/Cake/Error/ErrorHandler.php(184): ErrorHandler::handleFatalError(64, 'Can't use metho...', '/var/www/vhosts...', 49)
#1 [internal function]: ErrorHandler::handleError(64, 'Can't use metho...', '/var/www/vhosts...', 49, Array)
#2 /var/www/vhosts/appstore.jloop.com/httpdocs/lib/Cake/Core/App.php(927): call_user_func('ErrorHandler::h...', 64, 'Can't use metho...', '/var/www/vhosts...', 49, Array)
#3 /var/www/vhosts/appstore.jloop.com/httpdocs/lib/Cake/Core/App.php(900): App::_checkFatalError()
#4 [internal function]: App::shutdown()
#5 {main}
2013-07-02 17:33:18 Error: Fatal Error (64): Can't use method return value in write context in [/var/www/vhosts/appstore.jloop.com/httpdocs/app/Controller/ScrapesController.php, line 49]
2013-07-02 17:33:18 Error: [FatalErrorException] Can't use method return value in write context
Request URL: /Scrapes/test
Stack Trace:
#0 /var/www/vhosts/appstore.jloop.com/httpdocs/lib/Cake/Error/ErrorHandler.php(184): ErrorHandler::handleFatalError(64, 'Can't use metho...', '/var/www/vhosts...', 49)
#1 [internal function]: ErrorHandler::handleError(64, 'Can't use metho...', '/var/www/vhosts...', 49, Array)
#2 /var/www/vhosts/appstore.jloop.com/httpdocs/lib/Cake/Core/App.php(927): call_user_func('ErrorHandler::h...', 64, 'Can't use metho...', '/var/www/vhosts...', 49, Array)
#3 /var/www/vhosts/appstore.jloop.com/httpdocs/lib/Cake/Core/App.php(900): App::_checkFatalError()
#4 [internal function]: App::shutdown()
#5 {main}
2013-07-02 17:33:19 Error: Fatal Error (64): Can't use method return value in write context in [/var/www/vhosts/appstore.jloop.com/httpdocs/app/Controller/ScrapesController.php, line 49]
2013-07-02 17:33:19 Error: [FatalErrorException] Can't use method return value in write context
Request URL: /Scrapes/test
Stack Trace:
#0 /var/www/vhosts/appstore.jloop.com/httpdocs/lib/Cake/Error/ErrorHandler.php(184): ErrorHandler::handleFatalError(64, 'Can't use metho...', '/var/www/vhosts...', 49)
#1 [internal function]: ErrorHandler::handleError(64, 'Can't use metho...', '/var/www/vhosts...', 49, Array)
#2 /var/www/vhosts/appstore.jloop.com/httpdocs/lib/Cake/Core/App.php(927): call_user_func('ErrorHandler::h...', 64, 'Can't use metho...', '/var/www/vhosts...', 49, Array)
#3 /var/www/vhosts/appstore.jloop.com/httpdocs/lib/Cake/Core/App.php(900): App::_checkFatalError()
#4 [internal function]: App::shutdown()
#5 {main}
2013-07-02 17:33:19 Error: Fatal Error (64): Can't use method return value in write context in [/var/www/vhosts/appstore.jloop.com/httpdocs/app/Controller/ScrapesController.php, line 49]
2013-07-02 17:33:19 Error: [FatalErrorException] Can't use method return value in write context
Request URL: /Scrapes/test
Stack Trace:
#0 /var/www/vhosts/appstore.jloop.com/httpdocs/lib/Cake/Error/ErrorHandler.php(184): ErrorHandler::handleFatalError(64, 'Can't use metho...', '/var/www/vhosts...', 49)
#1 [internal function]: ErrorHandler::handleError(64, 'Can't use metho...', '/var/www/vhosts...', 49, Array)
#2 /var/www/vhosts/appstore.jloop.com/httpdocs/lib/Cake/Core/App.php(927): call_user_func('ErrorHandler::h...', 64, 'Can't use metho...', '/var/www/vhosts...', 49, Array)
#3 /var/www/vhosts/appstore.jloop.com/httpdocs/lib/Cake/Core/App.php(900): App::_checkFatalError()
#4 [internal function]: App::shutdown()
#5 {main}
2013-07-02 17:33:20 Error: Fatal Error (64): Can't use method return value in write context in [/var/www/vhosts/appstore.jloop.com/httpdocs/app/Controller/ScrapesController.php, line 49]
2013-07-02 17:33:20 Error: [FatalErrorException] Can't use method return value in write context
Request URL: /Scrapes/test
Stack Trace:
#0 /var/www/vhosts/appstore.jloop.com/httpdocs/lib/Cake/Error/ErrorHandler.php(184): ErrorHandler::handleFatalError(64, 'Can't use metho...', '/var/www/vhosts...', 49)
#1 [internal function]: ErrorHandler::handleError(64, 'Can't use metho...', '/var/www/vhosts...', 49, Array)
#2 /var/www/vhosts/appstore.jloop.com/httpdocs/lib/Cake/Core/App.php(927): call_user_func('ErrorHandler::h...', 64, 'Can't use metho...', '/var/www/vhosts...', 49, Array)
#3 /var/www/vhosts/appstore.jloop.com/httpdocs/lib/Cake/Core/App.php(900): App::_checkFatalError()
#4 [internal function]: App::shutdown()
#5 {main}
2013-07-02 17:34:00 Error: Fatal Error (64): Can't use method return value in write context in [/var/www/vhosts/appstore.jloop.com/httpdocs/app/Controller/ScrapesController.php, line 49]
2013-07-02 17:34:00 Error: [FatalErrorException] Can't use method return value in write context
Request URL: /Scrapes/test
Stack Trace:
#0 /var/www/vhosts/appstore.jloop.com/httpdocs/lib/Cake/Error/ErrorHandler.php(184): ErrorHandler::handleFatalError(64, 'Can't use metho...', '/var/www/vhosts...', 49)
#1 [internal function]: ErrorHandler::handleError(64, 'Can't use metho...', '/var/www/vhosts...', 49, Array)
#2 /var/www/vhosts/appstore.jloop.com/httpdocs/lib/Cake/Core/App.php(927): call_user_func('ErrorHandler::h...', 64, 'Can't use metho...', '/var/www/vhosts...', 49, Array)
#3 /var/www/vhosts/appstore.jloop.com/httpdocs/lib/Cake/Core/App.php(900): App::_checkFatalError()
#4 [internal function]: App::shutdown()
#5 {main}
2013-07-02 17:34:01 Error: Fatal Error (64): Can't use method return value in write context in [/var/www/vhosts/appstore.jloop.com/httpdocs/app/Controller/ScrapesController.php, line 49]
2013-07-02 17:34:01 Error: [FatalErrorException] Can't use method return value in write context
Request URL: /Scrapes/test
Stack Trace:
#0 /var/www/vhosts/appstore.jloop.com/httpdocs/lib/Cake/Error/ErrorHandler.php(184): ErrorHandler::handleFatalError(64, 'Can't use metho...', '/var/www/vhosts...', 49)
#1 [internal function]: ErrorHandler::handleError(64, 'Can't use metho...', '/var/www/vhosts...', 49, Array)
#2 /var/www/vhosts/appstore.jloop.com/httpdocs/lib/Cake/Core/App.php(927): call_user_func('ErrorHandler::h...', 64, 'Can't use metho...', '/var/www/vhosts...', 49, Array)
#3 /var/www/vhosts/appstore.jloop.com/httpdocs/lib/Cake/Core/App.php(900): App::_checkFatalError()
#4 [internal function]: App::shutdown()
#5 {main}
2013-07-02 17:34:02 Error: Fatal Error (64): Can't use method return value in write context in [/var/www/vhosts/appstore.jloop.com/httpdocs/app/Controller/ScrapesController.php, line 49]
2013-07-02 17:34:02 Error: [FatalErrorException] Can't use method return value in write context
Request URL: /Scrapes/test
Stack Trace:
#0 /var/www/vhosts/appstore.jloop.com/httpdocs/lib/Cake/Error/ErrorHandler.php(184): ErrorHandler::handleFatalError(64, 'Can't use metho...', '/var/www/vhosts...', 49)
#1 [internal function]: ErrorHandler::handleError(64, 'Can't use metho...', '/var/www/vhosts...', 49, Array)
#2 /var/www/vhosts/appstore.jloop.com/httpdocs/lib/Cake/Core/App.php(927): call_user_func('ErrorHandler::h...', 64, 'Can't use metho...', '/var/www/vhosts...', 49, Array)
#3 /var/www/vhosts/appstore.jloop.com/httpdocs/lib/Cake/Core/App.php(900): App::_checkFatalError()
#4 [internal function]: App::shutdown()
#5 {main}
2013-07-02 17:34:02 Error: Fatal Error (64): Can't use method return value in write context in [/var/www/vhosts/appstore.jloop.com/httpdocs/app/Controller/ScrapesController.php, line 49]
2013-07-02 17:34:02 Error: [FatalErrorException] Can't use method return value in write context
Request URL: /Scrapes/test
Stack Trace:
#0 /var/www/vhosts/appstore.jloop.com/httpdocs/lib/Cake/Error/ErrorHandler.php(184): ErrorHandler::handleFatalError(64, 'Can't use metho...', '/var/www/vhosts...', 49)
#1 [internal function]: ErrorHandler::handleError(64, 'Can't use metho...', '/var/www/vhosts...', 49, Array)
#2 /var/www/vhosts/appstore.jloop.com/httpdocs/lib/Cake/Core/App.php(927): call_user_func('ErrorHandler::h...', 64, 'Can't use metho...', '/var/www/vhosts...', 49, Array)
#3 /var/www/vhosts/appstore.jloop.com/httpdocs/lib/Cake/Core/App.php(900): App::_checkFatalError()
#4 [internal function]: App::shutdown()
#5 {main}
2013-07-02 17:34:03 Error: Fatal Error (64): Can't use method return value in write context in [/var/www/vhosts/appstore.jloop.com/httpdocs/app/Controller/ScrapesController.php, line 49]
2013-07-02 17:34:03 Error: [FatalErrorException] Can't use method return value in write context
Request URL: /Scrapes/test
Stack Trace:
#0 /var/www/vhosts/appstore.jloop.com/httpdocs/lib/Cake/Error/ErrorHandler.php(184): ErrorHandler::handleFatalError(64, 'Can't use metho...', '/var/www/vhosts...', 49)
#1 [internal function]: ErrorHandler::handleError(64, 'Can't use metho...', '/var/www/vhosts...', 49, Array)
#2 /var/www/vhosts/appstore.jloop.com/httpdocs/lib/Cake/Core/App.php(927): call_user_func('ErrorHandler::h...', 64, 'Can't use metho...', '/var/www/vhosts...', 49, Array)
#3 /var/www/vhosts/appstore.jloop.com/httpdocs/lib/Cake/Core/App.php(900): App::_checkFatalError()
#4 [internal function]: App::shutdown()
#5 {main}
2013-07-02 17:35:23 Error: Fatal Error (64): Can't use method return value in write context in [/var/www/vhosts/appstore.jloop.com/httpdocs/app/Controller/ScrapesController.php, line 36]
2013-07-02 17:35:23 Error: [FatalErrorException] Can't use method return value in write context
Request URL: /Scrapes/test
Stack Trace:
#0 /var/www/vhosts/appstore.jloop.com/httpdocs/lib/Cake/Error/ErrorHandler.php(184): ErrorHandler::handleFatalError(64, 'Can't use metho...', '/var/www/vhosts...', 36)
#1 [internal function]: ErrorHandler::handleError(64, 'Can't use metho...', '/var/www/vhosts...', 36, Array)
#2 /var/www/vhosts/appstore.jloop.com/httpdocs/lib/Cake/Core/App.php(927): call_user_func('ErrorHandler::h...', 64, 'Can't use metho...', '/var/www/vhosts...', 36, Array)
#3 /var/www/vhosts/appstore.jloop.com/httpdocs/lib/Cake/Core/App.php(900): App::_checkFatalError()
#4 [internal function]: App::shutdown()
#5 {main}
2013-07-02 17:43:47 Error: Fatal Error (64): Can't use method return value in write context in [/var/www/vhosts/appstore.jloop.com/httpdocs/app/Controller/ScrapesController.php, line 35]
2013-07-02 17:43:47 Error: [FatalErrorException] Can't use method return value in write context
Request URL: /Scrapes/test
Stack Trace:
#0 /var/www/vhosts/appstore.jloop.com/httpdocs/lib/Cake/Error/ErrorHandler.php(184): ErrorHandler::handleFatalError(64, 'Can't use metho...', '/var/www/vhosts...', 35)
#1 [internal function]: ErrorHandler::handleError(64, 'Can't use metho...', '/var/www/vhosts...', 35, Array)
#2 /var/www/vhosts/appstore.jloop.com/httpdocs/lib/Cake/Core/App.php(927): call_user_func('ErrorHandler::h...', 64, 'Can't use metho...', '/var/www/vhosts...', 35, Array)
#3 /var/www/vhosts/appstore.jloop.com/httpdocs/lib/Cake/Core/App.php(900): App::_checkFatalError()
#4 [internal function]: App::shutdown()
#5 {main}
2013-07-02 17:43:49 Error: Fatal Error (64): Can't use method return value in write context in [/var/www/vhosts/appstore.jloop.com/httpdocs/app/Controller/ScrapesController.php, line 35]
2013-07-02 17:43:49 Error: [FatalErrorException] Can't use method return value in write context
Request URL: /Scrapes/test
Stack Trace:
#0 /var/www/vhosts/appstore.jloop.com/httpdocs/lib/Cake/Error/ErrorHandler.php(184): ErrorHandler::handleFatalError(64, 'Can't use metho...', '/var/www/vhosts...', 35)
#1 [internal function]: ErrorHandler::handleError(64, 'Can't use metho...', '/var/www/vhosts...', 35, Array)
#2 /var/www/vhosts/appstore.jloop.com/httpdocs/lib/Cake/Core/App.php(927): call_user_func('ErrorHandler::h...', 64, 'Can't use metho...', '/var/www/vhosts...', 35, Array)
#3 /var/www/vhosts/appstore.jloop.com/httpdocs/lib/Cake/Core/App.php(900): App::_checkFatalError()
#4 [internal function]: App::shutdown()
#5 {main}
2013-07-02 17:43:50 Error: Fatal Error (64): Can't use method return value in write context in [/var/www/vhosts/appstore.jloop.com/httpdocs/app/Controller/ScrapesController.php, line 35]
2013-07-02 17:43:50 Error: [FatalErrorException] Can't use method return value in write context
Request URL: /Scrapes/test
Stack Trace:
#0 /var/www/vhosts/appstore.jloop.com/httpdocs/lib/Cake/Error/ErrorHandler.php(184): ErrorHandler::handleFatalError(64, 'Can't use metho...', '/var/www/vhosts...', 35)
#1 [internal function]: ErrorHandler::handleError(64, 'Can't use metho...', '/var/www/vhosts...', 35, Array)
#2 /var/www/vhosts/appstore.jloop.com/httpdocs/lib/Cake/Core/App.php(927): call_user_func('ErrorHandler::h...', 64, 'Can't use metho...', '/var/www/vhosts...', 35, Array)
#3 /var/www/vhosts/appstore.jloop.com/httpdocs/lib/Cake/Core/App.php(900): App::_checkFatalError()
#4 [internal function]: App::shutdown()
#5 {main}
2013-07-02 17:43:59 Error: Fatal Error (64): Can't use method return value in write context in [/var/www/vhosts/appstore.jloop.com/httpdocs/app/Controller/ScrapesController.php, line 35]
2013-07-02 17:43:59 Error: [FatalErrorException] Can't use method return value in write context
Request URL: /Scrapes/test
Stack Trace:
#0 /var/www/vhosts/appstore.jloop.com/httpdocs/lib/Cake/Error/ErrorHandler.php(184): ErrorHandler::handleFatalError(64, 'Can't use metho...', '/var/www/vhosts...', 35)
#1 [internal function]: ErrorHandler::handleError(64, 'Can't use metho...', '/var/www/vhosts...', 35, Array)
#2 /var/www/vhosts/appstore.jloop.com/httpdocs/lib/Cake/Core/App.php(927): call_user_func('ErrorHandler::h...', 64, 'Can't use metho...', '/var/www/vhosts...', 35, Array)
#3 /var/www/vhosts/appstore.jloop.com/httpdocs/lib/Cake/Core/App.php(900): App::_checkFatalError()
#4 [internal function]: App::shutdown()
#5 {main}
2013-07-02 17:44:02 Error: Fatal Error (64): Can't use method return value in write context in [/var/www/vhosts/appstore.jloop.com/httpdocs/app/Controller/ScrapesController.php, line 35]
2013-07-02 17:44:02 Error: [FatalErrorException] Can't use method return value in write context
Request URL: /Scrapes/test
Stack Trace:
#0 /var/www/vhosts/appstore.jloop.com/httpdocs/lib/Cake/Error/ErrorHandler.php(184): ErrorHandler::handleFatalError(64, 'Can't use metho...', '/var/www/vhosts...', 35)
#1 [internal function]: ErrorHandler::handleError(64, 'Can't use metho...', '/var/www/vhosts...', 35, Array)
#2 /var/www/vhosts/appstore.jloop.com/httpdocs/lib/Cake/Core/App.php(927): call_user_func('ErrorHandler::h...', 64, 'Can't use metho...', '/var/www/vhosts...', 35, Array)
#3 /var/www/vhosts/appstore.jloop.com/httpdocs/lib/Cake/Core/App.php(900): App::_checkFatalError()
#4 [internal function]: App::shutdown()
#5 {main}
2013-07-08 09:50:09 Error: Fatal Error (4): syntax error, unexpected '*' in [/var/www/vhosts/appstore.jloop.com/httpdocs/app/Model/Scrape.php, line 23]
2013-07-08 09:50:09 Error: [FatalErrorException] syntax error, unexpected '*'
Request URL: /Scrapes/test
Stack Trace:
#0 /var/www/vhosts/appstore.jloop.com/httpdocs/lib/Cake/Error/ErrorHandler.php(184): ErrorHandler::handleFatalError(4, 'syntax error, u...', '/var/www/vhosts...', 23)
#1 [internal function]: ErrorHandler::handleError(4, 'syntax error, u...', '/var/www/vhosts...', 23, Array)
#2 /var/www/vhosts/appstore.jloop.com/httpdocs/lib/Cake/Core/App.php(927): call_user_func('ErrorHandler::h...', 4, 'syntax error, u...', '/var/www/vhosts...', 23, Array)
#3 /var/www/vhosts/appstore.jloop.com/httpdocs/lib/Cake/Core/App.php(900): App::_checkFatalError()
#4 [internal function]: App::shutdown()
#5 {main}
2013-07-08 10:49:52 Error: Fatal Error (4): syntax error, unexpected ';' in [/var/www/vhosts/appstore.jloop.com/httpdocs/app/Model/Scrape.php, line 14]
2013-07-08 10:49:52 Error: [FatalErrorException] syntax error, unexpected ';'
Request URL: /Scrapes/test
Stack Trace:
#0 /var/www/vhosts/appstore.jloop.com/httpdocs/lib/Cake/Error/ErrorHandler.php(184): ErrorHandler::handleFatalError(4, 'syntax error, u...', '/var/www/vhosts...', 14)
#1 [internal function]: ErrorHandler::handleError(4, 'syntax error, u...', '/var/www/vhosts...', 14, Array)
#2 /var/www/vhosts/appstore.jloop.com/httpdocs/lib/Cake/Core/App.php(927): call_user_func('ErrorHandler::h...', 4, 'syntax error, u...', '/var/www/vhosts...', 14, Array)
#3 /var/www/vhosts/appstore.jloop.com/httpdocs/lib/Cake/Core/App.php(900): App::_checkFatalError()
#4 [internal function]: App::shutdown()
#5 {main}
